Using pre-set license
Built from '2020.3/staging' branch; Version is '2020.3.3f1 (76626098c1c4) revision 7758432'; Using compiler version '192528614'; Build Type 'Release'
OS: 'Windows 10 Pro; OS build 19041.985; Version 2004; 64bit' Language: 'tr' Physical Memory: 16327 MB
BatchMode: 1, IsHumanControllingUs: 0, StartBugReporterOnCrash: 0, Is64bit: 1, IsPro: 0

 COMMAND LINE ARGUMENTS:
C:\Program Files\Unity\Hub\Editor\2020.3.3f1\Editor\Unity.exe
-adb2
-batchMode
-noUpm
-name
AssetImportWorker0
-projectPath
D:/Unity/Projects/Road Blocks/BlockRun
-logFile
Logs/AssetImportWorker0.log
-srvPort
61937
Successfully changed project path to: D:/Unity/Projects/Road Blocks/BlockRun
D:/Unity/Projects/Road Blocks/BlockRun
Using Asset Import Pipeline V2.
Refreshing native plugins compatible for Editor in 21.41 ms, found 0 plugins.
Preloading 0 native plugins for Editor in 0.00 ms.
Initialize engine version: 2020.3.3f1 (76626098c1c4)
[Subsystems] Discovering subsystems at path C:/Program Files/Unity/Hub/Editor/2020.3.3f1/Editor/Data/Resources/UnitySubsystems
[Subsystems] Discovering subsystems at path D:/Unity/Projects/Road Blocks/BlockRun/Assets
GfxDevice: creating device client; threaded=0
Direct3D:
    Version:  Direct3D 11.0 [level 11.1]
    Renderer: NVIDIA GeForce GTX 970 (ID=0x13c2)
    Vendor:   
    VRAM:     4043 MB
    Driver:   27.21.14.6663
Initialize mono
Mono path[0] = 'C:/Program Files/Unity/Hub/Editor/2020.3.3f1/Editor/Data/Managed'
Mono path[1] = 'C:/Program Files/Unity/Hub/Editor/2020.3.3f1/Editor/Data/MonoBleedingEdge/lib/mono/unityjit'
Mono config path = 'C:/Program Files/Unity/Hub/Editor/2020.3.3f1/Editor/Data/MonoBleedingEdge/etc'
Using monoOptions --debugger-agent=transport=dt_socket,embedding=1,server=y,suspend=n,address=127.0.0.1:56540
Begin MonoManager ReloadAssembly
Registering precompiled unity dll's ...
Register platform support module: C:/Program Files/Unity/Hub/Editor/2020.3.3f1/Editor/Data/PlaybackEngines/WindowsStandaloneSupport/UnityEditor.WindowsStandalone.Extensions.dll
Registered in 0.001885 seconds.
Native extension for WindowsStandalone target not found
Refreshing native plugins compatible for Editor in 21.16 ms, found 0 plugins.
Preloading 0 native plugins for Editor in 0.00 ms.
Invoked RoslynAnalysisRunner static constructor.
RoslynAnalysisRunner will not be running.
RoslynAnalysisRunner has terminated.
Mono: successfully reloaded assembly
- Completed reload, in  1.756 seconds
Platform modules already initialized, skipping
Registering precompiled user dll's ...
Registered in 0.000617 seconds.
Begin MonoManager ReloadAssembly
Native extension for WindowsStandalone target not found
Refreshing native plugins compatible for Editor in 0.20 ms, found 0 plugins.
Preloading 0 native plugins for Editor in 0.00 ms.
Invoked RoslynAnalysisRunner static constructor.
RoslynAnalysisRunner will not be running.
RoslynAnalysisRunner has terminated.
Mono: successfully reloaded assembly
- Completed reload, in  0.784 seconds
Platform modules already initialized, skipping
========================================================================
Worker process is ready to serve import requests
Launched and connected shader compiler UnityShaderCompiler.exe after 0.05 seconds
Refreshing native plugins compatible for Editor in 0.19 ms, found 0 plugins.
Preloading 0 native plugins for Editor in 0.00 ms.
Unloading 1124 Unused Serialized files (Serialized files now loaded: 0)
System memory in use before: 57.7 MB.
System memory in use after: 57.7 MB.

Unloading 10 unused Assets to reduce memory usage. Loaded Objects now: 1567.
Total: 1.512600 ms (FindLiveObjects: 0.127600 ms CreateObjectMapping: 0.034800 ms MarkObjects: 1.251200 ms  DeleteObjects: 0.098200 ms)

========================================================================
Received Import Request.
  path: Assets/Icon.PNG
  artifactKey: Guid(706e54280af0f1a43a2ed4969dd040a7) Importer(815301076,1909f56bfc062723c751e8b465ee728b)
Start importing Assets/Icon.PNG using Guid(706e54280af0f1a43a2ed4969dd040a7) Importer(815301076,1909f56bfc062723c751e8b465ee728b)  -> (artifact id: 'faf5a2957baa9ec77b15b0b56da9e31a') in 0.089997 seconds
  Import took 0.091794 seconds .

========================================================================
Received Prepare
Refreshing native plugins compatible for Editor in 0.67 ms, found 0 plugins.
Preloading 0 native plugins for Editor in 0.00 ms.
Unloading 3 Unused Serialized files (Serialized files now loaded: 0)
System memory in use before: 35.3 MB.
System memory in use after: 35.4 MB.

Unloading 3 unused Assets to reduce memory usage. Loaded Objects now: 1569.
Total: 2.038300 ms (FindLiveObjects: 0.134300 ms CreateObjectMapping: 0.039400 ms MarkObjects: 1.817500 ms  DeleteObjects: 0.045400 ms)

========================================================================
Received Import Request.
  Time since last request: 30120.223889 seconds.
  path: Assets/Sounds/Hit.mp3
  artifactKey: Guid(4123e270aeb5f3445b66f4a22fc3fa84) Importer(815301076,1909f56bfc062723c751e8b465ee728b)
Start importing Assets/Sounds/Hit.mp3 using Guid(4123e270aeb5f3445b66f4a22fc3fa84) Importer(815301076,1909f56bfc062723c751e8b465ee728b)  -> (artifact id: 'fbb62611f088cc478626db2538f22023') in 0.938719 seconds
  Import took 1.374015 seconds .

========================================================================
Received Import Request.
  Time since last request: 0.000886 seconds.
  path: Assets/Sounds/Music.mp3
  artifactKey: Guid(c7c7a9b20f32c42468381359b7e49894) Importer(815301076,1909f56bfc062723c751e8b465ee728b)
Start importing Assets/Sounds/Music.mp3 using Guid(c7c7a9b20f32c42468381359b7e49894) Importer(815301076,1909f56bfc062723c751e8b465ee728b)  -> (artifact id: '44890ebe8a03725fdc8ddcaa6db1f0c1') in 0.029788 seconds
  Import took 0.043190 seconds .

========================================================================
Received Import Request.
  Time since last request: 8.351313 seconds.
  path: Assets/Scenes/Level03.unity
  artifactKey: Guid(2dee7c375d424634f990518a6a5d576a) Importer(815301076,1909f56bfc062723c751e8b465ee728b)
Start importing Assets/Scenes/Level03.unity using Guid(2dee7c375d424634f990518a6a5d576a) Importer(815301076,1909f56bfc062723c751e8b465ee728b)  -> (artifact id: '9e544148660da4c6fa1944fef8ac3402') in 0.023430 seconds
  Import took 0.038314 seconds .

========================================================================
Received Import Request.
  Time since last request: 1.092831 seconds.
  path: Assets/Scenes/Level03 1.unity
  artifactKey: Guid(416a39ed431aca441a2965fd7a5b20f3) Importer(815301076,1909f56bfc062723c751e8b465ee728b)
Start importing Assets/Scenes/Level03 1.unity using Guid(416a39ed431aca441a2965fd7a5b20f3) Importer(815301076,1909f56bfc062723c751e8b465ee728b)  -> (artifact id: 'f7137da7e23d1f7bee7b5f91d583af30') in 0.009534 seconds
  Import took 0.023081 seconds .

========================================================================
Received Import Request.
  Time since last request: 12.092049 seconds.
  path: Assets/Scenes/Level05.unity
  artifactKey: Guid(416a39ed431aca441a2965fd7a5b20f3) Importer(815301076,1909f56bfc062723c751e8b465ee728b)
Start importing Assets/Scenes/Level05.unity using Guid(416a39ed431aca441a2965fd7a5b20f3) Importer(815301076,1909f56bfc062723c751e8b465ee728b)  -> (artifact id: 'd036325bea12eff5a9821d9e6b15695d') in 0.008016 seconds
  Import took 0.012227 seconds .

========================================================================
Received Import Request.
  Time since last request: 13.920875 seconds.
  path: Assets/Scenes/Level02 1.unity
  artifactKey: Guid(fd2edd9559bad01478bf95d183d106d6) Importer(815301076,1909f56bfc062723c751e8b465ee728b)
Start importing Assets/Scenes/Level02 1.unity using Guid(fd2edd9559bad01478bf95d183d106d6) Importer(815301076,1909f56bfc062723c751e8b465ee728b)  -> (artifact id: '53e9dabff24bc973964f59a952f2f80e') in 0.013818 seconds
  Import took 0.016813 seconds .

========================================================================
Received Import Request.
  Time since last request: 0.001563 seconds.
  path: Assets/Scenes/Level02 1.unity
  artifactKey: Guid(fd2edd9559bad01478bf95d183d106d6) Importer(815301076,1909f56bfc062723c751e8b465ee728b)
Start importing Assets/Scenes/Level02 1.unity using Guid(fd2edd9559bad01478bf95d183d106d6) Importer(815301076,1909f56bfc062723c751e8b465ee728b)  -> (artifact id: '53e9dabff24bc973964f59a952f2f80e') in 0.019538 seconds
  Import took 0.021959 seconds .

========================================================================
Received Import Request.
  Time since last request: 8.616445 seconds.
  path: Assets/Scenes/Level04.unity
  artifactKey: Guid(fd2edd9559bad01478bf95d183d106d6) Importer(815301076,1909f56bfc062723c751e8b465ee728b)
Start importing Assets/Scenes/Level04.unity using Guid(fd2edd9559bad01478bf95d183d106d6) Importer(815301076,1909f56bfc062723c751e8b465ee728b)  -> (artifact id: '811f7b85dd29dcdc1effa780716178d3') in 0.012384 seconds
  Import took 0.015184 seconds .

========================================================================
Received Import Request.
  Time since last request: 168.928847 seconds.
  path: Assets/Scenes/Level02.unity
  artifactKey: Guid(ae1895316382abe419f4869e784f0dc6) Importer(815301076,1909f56bfc062723c751e8b465ee728b)
Start importing Assets/Scenes/Level02.unity using Guid(ae1895316382abe419f4869e784f0dc6) Importer(815301076,1909f56bfc062723c751e8b465ee728b)  -> (artifact id: '95c661be71cd378b2345fb898fb8846c') in 0.012013 seconds
  Import took 0.033433 seconds .

========================================================================
Received Prepare
Registering precompiled user dll's ...
Registered in 0.000935 seconds.
Begin MonoManager ReloadAssembly
Native extension for WindowsStandalone target not found
Refreshing native plugins compatible for Editor in 0.27 ms, found 0 plugins.
Preloading 0 native plugins for Editor in 0.00 ms.
Invoked RoslynAnalysisRunner static constructor.
RoslynAnalysisRunner will not be running.
RoslynAnalysisRunner has terminated.
Mono: successfully reloaded assembly
- Completed reload, in  1.064 seconds
Platform modules already initialized, skipping
Refreshing native plugins compatible for Editor in 0.20 ms, found 0 plugins.
Preloading 0 native plugins for Editor in 0.00 ms.
Unloading 1119 Unused Serialized files (Serialized files now loaded: 0)
System memory in use before: 60.8 MB.
System memory in use after: 60.8 MB.

Unloading 5 unused Assets to reduce memory usage. Loaded Objects now: 1580.
Total: 1.897700 ms (FindLiveObjects: 0.114900 ms CreateObjectMapping: 0.029900 ms MarkObjects: 1.602300 ms  DeleteObjects: 0.149300 ms)

========================================================================
Received Prepare
Registering precompiled user dll's ...
Registered in 0.000691 seconds.
Begin MonoManager ReloadAssembly
Native extension for WindowsStandalone target not found
Refreshing native plugins compatible for Editor in 0.24 ms, found 0 plugins.
Preloading 0 native plugins for Editor in 0.00 ms.
Invoked RoslynAnalysisRunner static constructor.
RoslynAnalysisRunner will not be running.
RoslynAnalysisRunner has terminated.
Mono: successfully reloaded assembly
- Completed reload, in  0.806 seconds
Platform modules already initialized, skipping
Refreshing native plugins compatible for Editor in 0.25 ms, found 0 plugins.
Preloading 0 native plugins for Editor in 0.00 ms.
Unloading 1119 Unused Serialized files (Serialized files now loaded: 0)
System memory in use before: 60.8 MB.
System memory in use after: 60.9 MB.

Unloading 5 unused Assets to reduce memory usage. Loaded Objects now: 1583.
Total: 2.317600 ms (FindLiveObjects: 0.271500 ms CreateObjectMapping: 0.311200 ms MarkObjects: 1.647500 ms  DeleteObjects: 0.085800 ms)

========================================================================
Received Prepare
Registering precompiled user dll's ...
Registered in 0.000700 seconds.
Begin MonoManager ReloadAssembly
Native extension for WindowsStandalone target not found
Refreshing native plugins compatible for Editor in 0.22 ms, found 0 plugins.
Preloading 0 native plugins for Editor in 0.00 ms.
Invoked RoslynAnalysisRunner static constructor.
RoslynAnalysisRunner will not be running.
RoslynAnalysisRunner has terminated.
Mono: successfully reloaded assembly
- Completed reload, in  0.737 seconds
Platform modules already initialized, skipping
Refreshing native plugins compatible for Editor in 0.19 ms, found 0 plugins.
Preloading 0 native plugins for Editor in 0.00 ms.
Unloading 1119 Unused Serialized files (Serialized files now loaded: 0)
System memory in use before: 60.8 MB.
System memory in use after: 60.9 MB.

Unloading 5 unused Assets to reduce memory usage. Loaded Objects now: 1586.
Total: 1.788800 ms (FindLiveObjects: 0.140900 ms CreateObjectMapping: 0.033900 ms MarkObjects: 1.540100 ms  DeleteObjects: 0.072900 ms)

========================================================================
Received Import Request.
  Time since last request: 561.030625 seconds.
  path: Assets/Scenes/Level03.unity
  artifactKey: Guid(2dee7c375d424634f990518a6a5d576a) Importer(815301076,1909f56bfc062723c751e8b465ee728b)
Start importing Assets/Scenes/Level03.unity using Guid(2dee7c375d424634f990518a6a5d576a) Importer(815301076,1909f56bfc062723c751e8b465ee728b)  -> (artifact id: '1cf12d0b2f56f865c314ea9ce0becf44') in 0.017368 seconds
  Import took 0.040873 seconds .

========================================================================
Received Prepare
Registering precompiled user dll's ...
Registered in 0.000734 seconds.
Begin MonoManager ReloadAssembly
Native extension for WindowsStandalone target not found
Refreshing native plugins compatible for Editor in 0.20 ms, found 0 plugins.
Preloading 0 native plugins for Editor in 0.00 ms.
Invoked RoslynAnalysisRunner static constructor.
RoslynAnalysisRunner will not be running.
RoslynAnalysisRunner has terminated.
Mono: successfully reloaded assembly
- Completed reload, in  0.750 seconds
Platform modules already initialized, skipping
Refreshing native plugins compatible for Editor in 0.19 ms, found 0 plugins.
Preloading 0 native plugins for Editor in 0.00 ms.
Unloading 1119 Unused Serialized files (Serialized files now loaded: 0)
System memory in use before: 60.8 MB.
System memory in use after: 60.9 MB.

Unloading 5 unused Assets to reduce memory usage. Loaded Objects now: 1589.
Total: 3.317700 ms (FindLiveObjects: 0.126300 ms CreateObjectMapping: 0.036100 ms MarkObjects: 3.102800 ms  DeleteObjects: 0.051400 ms)

========================================================================
Received Prepare
Registering precompiled user dll's ...
Registered in 0.000683 seconds.
Begin MonoManager ReloadAssembly
Native extension for WindowsStandalone target not found
Refreshing native plugins compatible for Editor in 0.33 ms, found 0 plugins.
Preloading 0 native plugins for Editor in 0.00 ms.
Invoked RoslynAnalysisRunner static constructor.
RoslynAnalysisRunner will not be running.
RoslynAnalysisRunner has terminated.
Mono: successfully reloaded assembly
- Completed reload, in  0.870 seconds
Platform modules already initialized, skipping
Refreshing native plugins compatible for Editor in 0.21 ms, found 0 plugins.
Preloading 0 native plugins for Editor in 0.00 ms.
Unloading 1119 Unused Serialized files (Serialized files now loaded: 0)
System memory in use before: 60.8 MB.
System memory in use after: 60.9 MB.

Unloading 5 unused Assets to reduce memory usage. Loaded Objects now: 1592.
Total: 2.549500 ms (FindLiveObjects: 0.158700 ms CreateObjectMapping: 0.094200 ms MarkObjects: 2.232300 ms  DeleteObjects: 0.063200 ms)

========================================================================
Received Import Request.
  Time since last request: 479.529710 seconds.
  path: Assets/Scenes/End.unity
  artifactKey: Guid(8275fbb915001324b96b7df3e7027ed9) Importer(815301076,1909f56bfc062723c751e8b465ee728b)
Start importing Assets/Scenes/End.unity using Guid(8275fbb915001324b96b7df3e7027ed9) Importer(815301076,1909f56bfc062723c751e8b465ee728b)  -> (artifact id: 'fedb8f72483fca6934aaecc6aa0bcee6') in 0.019561 seconds
  Import took 0.029500 seconds .

========================================================================
Received Import Request.
  Time since last request: 1.723489 seconds.
  path: Assets/Scenes/Menu.unity
  artifactKey: Guid(48dc5125bb86f6a44b05de147f416d51) Importer(815301076,1909f56bfc062723c751e8b465ee728b)
Start importing Assets/Scenes/Menu.unity using Guid(48dc5125bb86f6a44b05de147f416d51) Importer(815301076,1909f56bfc062723c751e8b465ee728b)  -> (artifact id: 'cd68b98131c55e87f3315957dd5db115') in 0.012525 seconds
  Import took 0.014782 seconds .

========================================================================
Received Prepare
Registering precompiled user dll's ...
Registered in 0.000825 seconds.
Begin MonoManager ReloadAssembly
Native extension for WindowsStandalone target not found
Refreshing native plugins compatible for Editor in 0.20 ms, found 0 plugins.
Preloading 0 native plugins for Editor in 0.00 ms.
Invoked RoslynAnalysisRunner static constructor.
RoslynAnalysisRunner will not be running.
RoslynAnalysisRunner has terminated.
Mono: successfully reloaded assembly
- Completed reload, in  0.822 seconds
Platform modules already initialized, skipping
Refreshing native plugins compatible for Editor in 0.22 ms, found 0 plugins.
Preloading 0 native plugins for Editor in 0.00 ms.
Unloading 1120 Unused Serialized files (Serialized files now loaded: 0)
System memory in use before: 60.9 MB.
System memory in use after: 61.0 MB.

Unloading 5 unused Assets to reduce memory usage. Loaded Objects now: 1596.
Total: 1.987500 ms (FindLiveObjects: 0.143700 ms CreateObjectMapping: 0.038300 ms MarkObjects: 1.755500 ms  DeleteObjects: 0.048900 ms)

========================================================================
Received Prepare
Registering precompiled user dll's ...
Registered in 0.000791 seconds.
Begin MonoManager ReloadAssembly
Native extension for WindowsStandalone target not found
Refreshing native plugins compatible for Editor in 0.19 ms, found 0 plugins.
Preloading 0 native plugins for Editor in 0.00 ms.
Invoked RoslynAnalysisRunner static constructor.
RoslynAnalysisRunner will not be running.
RoslynAnalysisRunner has terminated.
Mono: successfully reloaded assembly
- Completed reload, in  0.746 seconds
Platform modules already initialized, skipping
Refreshing native plugins compatible for Editor in 0.20 ms, found 0 plugins.
Preloading 0 native plugins for Editor in 0.00 ms.
Unloading 1120 Unused Serialized files (Serialized files now loaded: 0)
System memory in use before: 60.9 MB.
System memory in use after: 61.0 MB.

Unloading 5 unused Assets to reduce memory usage. Loaded Objects now: 1599.
Total: 3.411500 ms (FindLiveObjects: 0.141200 ms CreateObjectMapping: 0.038400 ms MarkObjects: 3.179500 ms  DeleteObjects: 0.051000 ms)

========================================================================
Received Prepare
Registering precompiled user dll's ...
Registered in 0.000623 seconds.
Begin MonoManager ReloadAssembly
Native extension for WindowsStandalone target not found
Refreshing native plugins compatible for Editor in 0.20 ms, found 0 plugins.
Preloading 0 native plugins for Editor in 0.00 ms.
Invoked RoslynAnalysisRunner static constructor.
RoslynAnalysisRunner will not be running.
RoslynAnalysisRunner has terminated.
Mono: successfully reloaded assembly
- Completed reload, in  0.866 seconds
Platform modules already initialized, skipping
Refreshing native plugins compatible for Editor in 0.20 ms, found 0 plugins.
Preloading 0 native plugins for Editor in 0.00 ms.
Unloading 1120 Unused Serialized files (Serialized files now loaded: 0)
System memory in use before: 60.9 MB.
System memory in use after: 61.0 MB.

Unloading 5 unused Assets to reduce memory usage. Loaded Objects now: 1602.
Total: 1.690500 ms (FindLiveObjects: 0.161600 ms CreateObjectMapping: 0.036300 ms MarkObjects: 1.443000 ms  DeleteObjects: 0.048000 ms)

========================================================================
Received Prepare
Registering precompiled user dll's ...
Registered in 0.000679 seconds.
Begin MonoManager ReloadAssembly
Native extension for WindowsStandalone target not found
Refreshing native plugins compatible for Editor in 0.26 ms, found 0 plugins.
Preloading 0 native plugins for Editor in 0.00 ms.
Invoked RoslynAnalysisRunner static constructor.
RoslynAnalysisRunner will not be running.
RoslynAnalysisRunner has terminated.
Mono: successfully reloaded assembly
- Completed reload, in  0.760 seconds
Platform modules already initialized, skipping
Refreshing native plugins compatible for Editor in 0.19 ms, found 0 plugins.
Preloading 0 native plugins for Editor in 0.00 ms.
Unloading 1120 Unused Serialized files (Serialized files now loaded: 0)
System memory in use before: 60.9 MB.
System memory in use after: 61.0 MB.

Unloading 5 unused Assets to reduce memory usage. Loaded Objects now: 1605.
Total: 1.877000 ms (FindLiveObjects: 0.135900 ms CreateObjectMapping: 0.037500 ms MarkObjects: 1.650700 ms  DeleteObjects: 0.051600 ms)

========================================================================
Received Prepare
Registering precompiled user dll's ...
Registered in 0.000689 seconds.
Begin MonoManager ReloadAssembly
Native extension for WindowsStandalone target not found
Refreshing native plugins compatible for Editor in 0.19 ms, found 0 plugins.
Preloading 0 native plugins for Editor in 0.00 ms.
Invoked RoslynAnalysisRunner static constructor.
RoslynAnalysisRunner will not be running.
RoslynAnalysisRunner has terminated.
Mono: successfully reloaded assembly
- Completed reload, in  1.076 seconds
Platform modules already initialized, skipping
Refreshing native plugins compatible for Editor in 0.19 ms, found 0 plugins.
Preloading 0 native plugins for Editor in 0.00 ms.
Unloading 1120 Unused Serialized files (Serialized files now loaded: 0)
System memory in use before: 60.9 MB.
System memory in use after: 61.0 MB.

Unloading 5 unused Assets to reduce memory usage. Loaded Objects now: 1608.
Total: 1.707000 ms (FindLiveObjects: 0.207800 ms CreateObjectMapping: 0.042900 ms MarkObjects: 1.397600 ms  DeleteObjects: 0.057500 ms)

========================================================================
Received Import Request.
  Time since last request: 328.400671 seconds.
  path: Assets/Sounds/LevelComplete.mp3
  artifactKey: Guid(8c6b8a2cdff4a5646b831211a4053f6e) Importer(815301076,1909f56bfc062723c751e8b465ee728b)
Start importing Assets/Sounds/LevelComplete.mp3 using Guid(8c6b8a2cdff4a5646b831211a4053f6e) Importer(815301076,1909f56bfc062723c751e8b465ee728b)  -> (artifact id: '6d70c567183a376c646b102940a63261') in 0.465217 seconds
  Import took 0.483557 seconds .

========================================================================
Received Import Request.
  Time since last request: 0.049594 seconds.
  path: Assets/Sounds/LevelComplete.mp3
  artifactKey: Guid(8c6b8a2cdff4a5646b831211a4053f6e) Importer(815301076,1909f56bfc062723c751e8b465ee728b)
Start importing Assets/Sounds/LevelComplete.mp3 using Guid(8c6b8a2cdff4a5646b831211a4053f6e) Importer(815301076,1909f56bfc062723c751e8b465ee728b)  -> (artifact id: '6d70c567183a376c646b102940a63261') in 0.013704 seconds
  Import took 0.015496 seconds .

========================================================================
Received Import Request.
  Time since last request: 330.691897 seconds.
  path: Assets/Sounds/LevelComplete.mp3
  artifactKey: Guid(8c6b8a2cdff4a5646b831211a4053f6e) Importer(815301076,1909f56bfc062723c751e8b465ee728b)
Start importing Assets/Sounds/LevelComplete.mp3 using Guid(8c6b8a2cdff4a5646b831211a4053f6e) Importer(815301076,1909f56bfc062723c751e8b465ee728b)  -> (artifact id: '5f9f897cb1eb694e01e3bd350fe3cb8b') in 0.028640 seconds
  Import took 0.058635 seconds .

========================================================================
Received Import Request.
  Time since last request: 55.712639 seconds.
  path: Assets/Scripts/GameManager.cs
  artifactKey: Guid(162c329c61a96eb44b8769c6ea1021c8) Importer(815301076,1909f56bfc062723c751e8b465ee728b)
Start importing Assets/Scripts/GameManager.cs using Guid(162c329c61a96eb44b8769c6ea1021c8) Importer(815301076,1909f56bfc062723c751e8b465ee728b)  -> (artifact id: '6b492b9530d8a40457c5b4742b9ba123') in 0.018878 seconds
  Import took 0.026440 seconds .

========================================================================
Received Import Request.
  Time since last request: 70.766117 seconds.
  path: Assets/Scripts/GameManager.cs
  artifactKey: Guid(162c329c61a96eb44b8769c6ea1021c8) Importer(815301076,1909f56bfc062723c751e8b465ee728b)
Start importing Assets/Scripts/GameManager.cs using Guid(162c329c61a96eb44b8769c6ea1021c8) Importer(815301076,1909f56bfc062723c751e8b465ee728b)  -> (artifact id: 'ce4ca687fff88779472c921e36aa6018') in 0.011904 seconds
  Import took 0.015970 seconds .

========================================================================
Received Import Request.
  Time since last request: 0.001605 seconds.
  path: Assets/Scripts/GameManager.cs
  artifactKey: Guid(162c329c61a96eb44b8769c6ea1021c8) Importer(815301076,1909f56bfc062723c751e8b465ee728b)
Start importing Assets/Scripts/GameManager.cs using Guid(162c329c61a96eb44b8769c6ea1021c8) Importer(815301076,1909f56bfc062723c751e8b465ee728b)  -> (artifact id: 'ce4ca687fff88779472c921e36aa6018') in 0.005496 seconds
  Import took 0.008070 seconds .

========================================================================
Received Import Request.
  Time since last request: 5.349021 seconds.
  path: Assets/Scripts/GameManager.cs
  artifactKey: Guid(162c329c61a96eb44b8769c6ea1021c8) Importer(815301076,1909f56bfc062723c751e8b465ee728b)
Start importing Assets/Scripts/GameManager.cs using Guid(162c329c61a96eb44b8769c6ea1021c8) Importer(815301076,1909f56bfc062723c751e8b465ee728b)  -> (artifact id: '90cf15ef9c6be2e52752b368a610908f') in 0.008977 seconds
  Import took 0.018485 seconds .

========================================================================
Received Import Request.
  Time since last request: 6.011847 seconds.
  path: Assets/Scripts/GameManager.cs
  artifactKey: Guid(162c329c61a96eb44b8769c6ea1021c8) Importer(815301076,1909f56bfc062723c751e8b465ee728b)
Start importing Assets/Scripts/GameManager.cs using Guid(162c329c61a96eb44b8769c6ea1021c8) Importer(815301076,1909f56bfc062723c751e8b465ee728b)  -> (artifact id: '0ecbaa3095b81bbcc9b3fbad3df10adc') in 0.008320 seconds
  Import took 0.027269 seconds .

========================================================================
Received Prepare
Registering precompiled user dll's ...
Registered in 0.000736 seconds.
Begin MonoManager ReloadAssembly
Native extension for WindowsStandalone target not found
Refreshing native plugins compatible for Editor in 0.23 ms, found 0 plugins.
Preloading 0 native plugins for Editor in 0.00 ms.
Invoked RoslynAnalysisRunner static constructor.
RoslynAnalysisRunner will not be running.
RoslynAnalysisRunner has terminated.
Mono: successfully reloaded assembly
- Completed reload, in  0.895 seconds
Platform modules already initialized, skipping
Refreshing native plugins compatible for Editor in 0.19 ms, found 0 plugins.
Preloading 0 native plugins for Editor in 0.00 ms.
Unloading 1120 Unused Serialized files (Serialized files now loaded: 0)
System memory in use before: 60.9 MB.
System memory in use after: 61.0 MB.

Unloading 5 unused Assets to reduce memory usage. Loaded Objects now: 1612.
Total: 2.068800 ms (FindLiveObjects: 0.126400 ms CreateObjectMapping: 0.040900 ms MarkObjects: 1.826700 ms  DeleteObjects: 0.073700 ms)

========================================================================
Received Import Request.
  Time since last request: 6.960947 seconds.
  path: Assets/Prefab/GameManager.prefab
  artifactKey: Guid(74a05defdb12d6846af0202ba5e7362e) Importer(815301076,1909f56bfc062723c751e8b465ee728b)
Start importing Assets/Prefab/GameManager.prefab using Guid(74a05defdb12d6846af0202ba5e7362e) Importer(815301076,1909f56bfc062723c751e8b465ee728b)  -> (artifact id: '6df5f20b990ed435057f72a3e748ada4') in 0.043309 seconds
  Import took 0.045478 seconds .

========================================================================
Received Import Request.
  Time since last request: 0.001292 seconds.
  path: Assets/Prefab/GameManager.prefab
  artifactKey: Guid(74a05defdb12d6846af0202ba5e7362e) Importer(815301076,1909f56bfc062723c751e8b465ee728b)
Start importing Assets/Prefab/GameManager.prefab using Guid(74a05defdb12d6846af0202ba5e7362e) Importer(815301076,1909f56bfc062723c751e8b465ee728b)  -> (artifact id: '6df5f20b990ed435057f72a3e748ada4') in 0.011332 seconds
  Import took 0.013509 seconds .

========================================================================
Received Import Request.
  Time since last request: 624.913128 seconds.
  path: Assets/Prefab
  artifactKey: Guid(5f7e14ecace5b274da475674d5e23a62) Importer(815301076,1909f56bfc062723c751e8b465ee728b)
Start importing Assets/Prefab using Guid(5f7e14ecace5b274da475674d5e23a62) Importer(815301076,1909f56bfc062723c751e8b465ee728b)  -> (artifact id: '009b8f60e7810d2b7514b908b7942495') in 0.015692 seconds
  Import took 0.035825 seconds .

========================================================================
Received Import Request.
  Time since last request: 6.034280 seconds.
  path: Assets/Prefab/GameManager.prefab
  artifactKey: Guid(74a05defdb12d6846af0202ba5e7362e) Importer(815301076,1909f56bfc062723c751e8b465ee728b)
Start importing Assets/Prefab/GameManager.prefab using Guid(74a05defdb12d6846af0202ba5e7362e) Importer(815301076,1909f56bfc062723c751e8b465ee728b)  -> (artifact id: '71a8bb8a5b1f5f8a260a1b0082323f41') in 0.009447 seconds
  Import took 0.025285 seconds .

========================================================================
Received Import Request.
  Time since last request: 7.602002 seconds.
  path: Assets/Prefab/GameManager.prefab
  artifactKey: Guid(74a05defdb12d6846af0202ba5e7362e) Importer(815301076,1909f56bfc062723c751e8b465ee728b)
Start importing Assets/Prefab/GameManager.prefab using Guid(74a05defdb12d6846af0202ba5e7362e) Importer(815301076,1909f56bfc062723c751e8b465ee728b)  -> (artifact id: 'f1dc8de4d40ec6f6ec4573b780986373') in 0.019041 seconds
  Import took 0.044804 seconds .

========================================================================
Received Import Request.
  Time since last request: 1.383251 seconds.
  path: Assets/Prefab/GameManager.prefab
  artifactKey: Guid(74a05defdb12d6846af0202ba5e7362e) Importer(815301076,1909f56bfc062723c751e8b465ee728b)
Start importing Assets/Prefab/GameManager.prefab using Guid(74a05defdb12d6846af0202ba5e7362e) Importer(815301076,1909f56bfc062723c751e8b465ee728b)  -> (artifact id: '6d62ec352dc91e2a87f153b02272ffe1') in 0.009172 seconds
  Import took 0.015274 seconds .

========================================================================
Received Import Request.
  Time since last request: 22.181156 seconds.
  path: Assets/Prefab/GameManager.prefab
  artifactKey: Guid(74a05defdb12d6846af0202ba5e7362e) Importer(815301076,1909f56bfc062723c751e8b465ee728b)
Start importing Assets/Prefab/GameManager.prefab using Guid(74a05defdb12d6846af0202ba5e7362e) Importer(815301076,1909f56bfc062723c751e8b465ee728b)  -> (artifact id: 'd59b242586449d83800ab11a0766729c') in 0.012527 seconds
  Import took 0.026807 seconds .

========================================================================
Received Import Request.
  Time since last request: 47.317087 seconds.
  path: Assets/Scripts/PlayerCollision.cs
  artifactKey: Guid(62b52472f59306646b1db5b3189396c1) Importer(815301076,1909f56bfc062723c751e8b465ee728b)
Start importing Assets/Scripts/PlayerCollision.cs using Guid(62b52472f59306646b1db5b3189396c1) Importer(815301076,1909f56bfc062723c751e8b465ee728b)  -> (artifact id: 'd8d9a282a0985a44584037a6dee02d9b') in 0.008880 seconds
  Import took 0.024129 seconds .

========================================================================
Received Prepare
Registering precompiled user dll's ...
Registered in 0.000795 seconds.
Begin MonoManager ReloadAssembly
Native extension for WindowsStandalone target not found
Refreshing native plugins compatible for Editor in 0.20 ms, found 0 plugins.
Preloading 0 native plugins for Editor in 0.00 ms.
Invoked RoslynAnalysisRunner static constructor.
RoslynAnalysisRunner will not be running.
RoslynAnalysisRunner has terminated.
Mono: successfully reloaded assembly
- Completed reload, in  0.793 seconds
Platform modules already initialized, skipping
Refreshing native plugins compatible for Editor in 0.24 ms, found 0 plugins.
Preloading 0 native plugins for Editor in 0.00 ms.
Unloading 1120 Unused Serialized files (Serialized files now loaded: 0)
System memory in use before: 60.9 MB.
System memory in use after: 61.0 MB.

Unloading 5 unused Assets to reduce memory usage. Loaded Objects now: 1615.
Total: 1.726700 ms (FindLiveObjects: 0.132700 ms CreateObjectMapping: 0.035000 ms MarkObjects: 1.507500 ms  DeleteObjects: 0.050400 ms)

========================================================================
Received Import Request.
  Time since last request: 16.676262 seconds.
  path: Assets/Scripts/PlayerCollision.cs
  artifactKey: Guid(62b52472f59306646b1db5b3189396c1) Importer(815301076,1909f56bfc062723c751e8b465ee728b)
Start importing Assets/Scripts/PlayerCollision.cs using Guid(62b52472f59306646b1db5b3189396c1) Importer(815301076,1909f56bfc062723c751e8b465ee728b)  -> (artifact id: 'f8321399ec18caba6ce3964acd3d8883') in 0.006447 seconds
  Import took 0.029087 seconds .

========================================================================
Received Import Request.
  Time since last request: 2.779475 seconds.
  path: Assets/Scripts/PlayerCollision.cs
  artifactKey: Guid(62b52472f59306646b1db5b3189396c1) Importer(815301076,1909f56bfc062723c751e8b465ee728b)
Start importing Assets/Scripts/PlayerCollision.cs using Guid(62b52472f59306646b1db5b3189396c1) Importer(815301076,1909f56bfc062723c751e8b465ee728b)  -> (artifact id: 'b8491b5e99e0afe6b0d867d21f229fb7') in 0.009530 seconds
  Import took 0.011428 seconds .

========================================================================
Received Import Request.
  Time since last request: 5.860799 seconds.
  path: Assets/Scripts/PlayerCollision.cs
  artifactKey: Guid(62b52472f59306646b1db5b3189396c1) Importer(815301076,1909f56bfc062723c751e8b465ee728b)
Start importing Assets/Scripts/PlayerCollision.cs using Guid(62b52472f59306646b1db5b3189396c1) Importer(815301076,1909f56bfc062723c751e8b465ee728b)  -> (artifact id: '0fc54ce230a4af65abf640fb343d9b44') in 0.009353 seconds
  Import took 0.011864 seconds .

========================================================================
Received Prepare
Registering precompiled user dll's ...
Registered in 0.000675 seconds.
Begin MonoManager ReloadAssembly
Native extension for WindowsStandalone target not found
Refreshing native plugins compatible for Editor in 0.23 ms, found 0 plugins.
Preloading 0 native plugins for Editor in 0.00 ms.
Invoked RoslynAnalysisRunner static constructor.
RoslynAnalysisRunner will not be running.
RoslynAnalysisRunner has terminated.
Mono: successfully reloaded assembly
- Completed reload, in  0.852 seconds
Platform modules already initialized, skipping
Refreshing native plugins compatible for Editor in 0.20 ms, found 0 plugins.
Preloading 0 native plugins for Editor in 0.00 ms.
Unloading 1120 Unused Serialized files (Serialized files now loaded: 0)
System memory in use before: 60.9 MB.
System memory in use after: 61.0 MB.

Unloading 5 unused Assets to reduce memory usage. Loaded Objects now: 1618.
Total: 2.862200 ms (FindLiveObjects: 0.167800 ms CreateObjectMapping: 0.044500 ms MarkObjects: 2.583300 ms  DeleteObjects: 0.064700 ms)

========================================================================
Received Import Request.
  Time since last request: 8.256531 seconds.
  path: Assets/Prefab/Player.prefab
  artifactKey: Guid(237727979370ce247af7cf9b89ebc80a) Importer(815301076,1909f56bfc062723c751e8b465ee728b)
Start importing Assets/Prefab/Player.prefab using Guid(237727979370ce247af7cf9b89ebc80a) Importer(815301076,1909f56bfc062723c751e8b465ee728b)  -> (artifact id: 'a23b52d934e85094d0da5f2ce1ab11eb') in 0.079032 seconds
  Import took 0.101110 seconds .

========================================================================
Received Import Request.
  Time since last request: 325.227465 seconds.
  path: Assets/Prefab/Player.prefab
  artifactKey: Guid(237727979370ce247af7cf9b89ebc80a) Importer(815301076,1909f56bfc062723c751e8b465ee728b)
Start importing Assets/Prefab/Player.prefab using Guid(237727979370ce247af7cf9b89ebc80a) Importer(815301076,1909f56bfc062723c751e8b465ee728b)  -> (artifact id: '78518a7f718efcacfd5755c50ed8e39d') in 0.031038 seconds
  Import took 0.034503 seconds .

========================================================================
Received Import Request.
  Time since last request: 5.544288 seconds.
  path: Assets/Prefab/Player.prefab
  artifactKey: Guid(237727979370ce247af7cf9b89ebc80a) Importer(815301076,1909f56bfc062723c751e8b465ee728b)
Start importing Assets/Prefab/Player.prefab using Guid(237727979370ce247af7cf9b89ebc80a) Importer(815301076,1909f56bfc062723c751e8b465ee728b)  -> (artifact id: 'b1d86adc221dc584c31b45be533febfd') in 0.036241 seconds
  Import took 0.052969 seconds .

========================================================================
Received Import Request.
  Time since last request: 2.936181 seconds.
  path: Assets/Prefab/Player.prefab
  artifactKey: Guid(237727979370ce247af7cf9b89ebc80a) Importer(815301076,1909f56bfc062723c751e8b465ee728b)
Start importing Assets/Prefab/Player.prefab using Guid(237727979370ce247af7cf9b89ebc80a) Importer(815301076,1909f56bfc062723c751e8b465ee728b)  -> (artifact id: '6c83b30f2ab879e272814d9c1605c09a') in 0.024127 seconds
  Import took 0.040268 seconds .

========================================================================
Received Import Request.
  Time since last request: 5.658780 seconds.
  path: Assets/Prefab/Player.prefab
  artifactKey: Guid(237727979370ce247af7cf9b89ebc80a) Importer(815301076,1909f56bfc062723c751e8b465ee728b)
Start importing Assets/Prefab/Player.prefab using Guid(237727979370ce247af7cf9b89ebc80a) Importer(815301076,1909f56bfc062723c751e8b465ee728b)  -> (artifact id: 'af23a2151e627dd0ca48e98c3ae80b3d') in 0.030326 seconds
  Import took 0.033735 seconds .

========================================================================
Received Prepare
Registering precompiled user dll's ...
Registered in 0.000744 seconds.
Begin MonoManager ReloadAssembly
Native extension for WindowsStandalone target not found
Refreshing native plugins compatible for Editor in 0.22 ms, found 0 plugins.
Preloading 0 native plugins for Editor in 0.00 ms.
Invoked RoslynAnalysisRunner static constructor.
RoslynAnalysisRunner will not be running.
RoslynAnalysisRunner has terminated.
Mono: successfully reloaded assembly
- Completed reload, in  0.976 seconds
Platform modules already initialized, skipping
Refreshing native plugins compatible for Editor in 0.29 ms, found 0 plugins.
Preloading 0 native plugins for Editor in 0.00 ms.
Unloading 1120 Unused Serialized files (Serialized files now loaded: 0)
System memory in use before: 61.0 MB.
System memory in use after: 61.1 MB.

Unloading 5 unused Assets to reduce memory usage. Loaded Objects now: 1623.
Total: 1.631500 ms (FindLiveObjects: 0.141500 ms CreateObjectMapping: 0.032700 ms MarkObjects: 1.383400 ms  DeleteObjects: 0.072800 ms)

========================================================================
Received Import Request.
  Time since last request: 32.908528 seconds.
  path: Assets/Scenes/Menu.unity
  artifactKey: Guid(48dc5125bb86f6a44b05de147f416d51) Importer(815301076,1909f56bfc062723c751e8b465ee728b)
Start importing Assets/Scenes/Menu.unity using Guid(48dc5125bb86f6a44b05de147f416d51) Importer(815301076,1909f56bfc062723c751e8b465ee728b)  -> (artifact id: '37a300a33439d72318199a5f1fc819a6') in 0.014070 seconds
  Import took 0.027710 seconds .

========================================================================
Received Import Request.
  Time since last request: 15.650839 seconds.
  path: Assets/Animation/Canvas.controller
  artifactKey: Guid(312f7c11019fd58498cf10f2bbc298d3) Importer(815301076,1909f56bfc062723c751e8b465ee728b)
Start importing Assets/Animation/Canvas.controller using Guid(312f7c11019fd58498cf10f2bbc298d3) Importer(815301076,1909f56bfc062723c751e8b465ee728b)  -> (artifact id: 'b5bdd1cf38a96bfe08e2ba16b662c719') in 0.058367 seconds
  Import took 0.062080 seconds .

========================================================================
Received Prepare
Registering precompiled user dll's ...
Registered in 0.000765 seconds.
Begin MonoManager ReloadAssembly
Native extension for WindowsStandalone target not found
Refreshing native plugins compatible for Editor in 0.25 ms, found 0 plugins.
Preloading 0 native plugins for Editor in 0.00 ms.
Invoked RoslynAnalysisRunner static constructor.
RoslynAnalysisRunner will not be running.
RoslynAnalysisRunner has terminated.
Mono: successfully reloaded assembly
- Completed reload, in  0.871 seconds
Platform modules already initialized, skipping
Refreshing native plugins compatible for Editor in 0.20 ms, found 0 plugins.
Preloading 0 native plugins for Editor in 0.00 ms.
Unloading 1120 Unused Serialized files (Serialized files now loaded: 0)
System memory in use before: 61.0 MB.
System memory in use after: 61.1 MB.

Unloading 5 unused Assets to reduce memory usage. Loaded Objects now: 1626.
Total: 1.423900 ms (FindLiveObjects: 0.120100 ms CreateObjectMapping: 0.029900 ms MarkObjects: 1.228800 ms  DeleteObjects: 0.044300 ms)

========================================================================
Received Prepare
Registering precompiled user dll's ...
Registered in 0.001068 seconds.
Begin MonoManager ReloadAssembly
Native extension for WindowsStandalone target not found
Refreshing native plugins compatible for Editor in 0.21 ms, found 0 plugins.
Preloading 0 native plugins for Editor in 0.00 ms.
Invoked RoslynAnalysisRunner static constructor.
RoslynAnalysisRunner will not be running.
RoslynAnalysisRunner has terminated.
Mono: successfully reloaded assembly
- Completed reload, in  0.955 seconds
Platform modules already initialized, skipping
Refreshing native plugins compatible for Editor in 0.22 ms, found 0 plugins.
Preloading 0 native plugins for Editor in 0.00 ms.
Unloading 1120 Unused Serialized files (Serialized files now loaded: 0)
System memory in use before: 61.0 MB.
System memory in use after: 61.1 MB.

Unloading 5 unused Assets to reduce memory usage. Loaded Objects now: 1629.
Total: 3.955200 ms (FindLiveObjects: 0.524500 ms CreateObjectMapping: 0.165300 ms MarkObjects: 3.207500 ms  DeleteObjects: 0.056600 ms)

========================================================================
Received Import Request.
  Time since last request: 527.880070 seconds.
  path: Assets/Scenes/Level02.unity
  artifactKey: Guid(ae1895316382abe419f4869e784f0dc6) Importer(815301076,1909f56bfc062723c751e8b465ee728b)
Start importing Assets/Scenes/Level02.unity using Guid(ae1895316382abe419f4869e784f0dc6) Importer(815301076,1909f56bfc062723c751e8b465ee728b)  -> (artifact id: '6f9955476ae64ed5307cdc7b36d1cef3') in 0.019213 seconds
  Import took 0.041269 seconds .

========================================================================
Received Prepare
Registering precompiled user dll's ...
Registered in 0.000664 seconds.
Begin MonoManager ReloadAssembly
Native extension for WindowsStandalone target not found
Refreshing native plugins compatible for Editor in 0.22 ms, found 0 plugins.
Preloading 0 native plugins for Editor in 0.00 ms.
Invoked RoslynAnalysisRunner static constructor.
RoslynAnalysisRunner will not be running.
RoslynAnalysisRunner has terminated.
Mono: successfully reloaded assembly
- Completed reload, in  0.819 seconds
Platform modules already initialized, skipping
Refreshing native plugins compatible for Editor in 0.20 ms, found 0 plugins.
Preloading 0 native plugins for Editor in 0.00 ms.
Unloading 1120 Unused Serialized files (Serialized files now loaded: 0)
System memory in use before: 61.0 MB.
System memory in use after: 61.1 MB.

Unloading 5 unused Assets to reduce memory usage. Loaded Objects now: 1632.
Total: 1.489000 ms (FindLiveObjects: 0.119700 ms CreateObjectMapping: 0.029000 ms MarkObjects: 1.293100 ms  DeleteObjects: 0.046200 ms)

========================================================================
Received Import Request.
  Time since last request: 59.830545 seconds.
  path: Assets/Scenes/Level03.unity
  artifactKey: Guid(2dee7c375d424634f990518a6a5d576a) Importer(815301076,1909f56bfc062723c751e8b465ee728b)
Start importing Assets/Scenes/Level03.unity using Guid(2dee7c375d424634f990518a6a5d576a) Importer(815301076,1909f56bfc062723c751e8b465ee728b)  -> (artifact id: 'fbbaa40fccb23b057d8840843313d474') in 0.017807 seconds
  Import took 0.020229 seconds .

========================================================================
Received Import Request.
  Time since last request: 251.913125 seconds.
  path: Assets/Scripts/Credits.cs
  artifactKey: Guid(6d0bf82eb73a93341aebfff33a0f3de4) Importer(815301076,1909f56bfc062723c751e8b465ee728b)
Start importing Assets/Scripts/Credits.cs using Guid(6d0bf82eb73a93341aebfff33a0f3de4) Importer(815301076,1909f56bfc062723c751e8b465ee728b)  -> (artifact id: '53d2ed1b42aefcb1f0f534952a476c3f') in 0.015272 seconds
  Import took 0.021853 seconds .

========================================================================
Received Import Request.
  Time since last request: 74.131810 seconds.
  path: Assets/Scripts/Credits.cs
  artifactKey: Guid(6d0bf82eb73a93341aebfff33a0f3de4) Importer(815301076,1909f56bfc062723c751e8b465ee728b)
Start importing Assets/Scripts/Credits.cs using Guid(6d0bf82eb73a93341aebfff33a0f3de4) Importer(815301076,1909f56bfc062723c751e8b465ee728b)  -> (artifact id: '482b4b3f2f568b71c463acf10dc3f41e') in 0.009020 seconds
  Import took 0.011397 seconds .

========================================================================
Received Prepare
Registering precompiled user dll's ...
Registered in 0.000820 seconds.
Begin MonoManager ReloadAssembly
Native extension for WindowsStandalone target not found
Refreshing native plugins compatible for Editor in 0.20 ms, found 0 plugins.
Preloading 0 native plugins for Editor in 0.00 ms.
Invoked RoslynAnalysisRunner static constructor.
RoslynAnalysisRunner will not be running.
RoslynAnalysisRunner has terminated.
Mono: successfully reloaded assembly
- Completed reload, in  0.829 seconds
Platform modules already initialized, skipping
Refreshing native plugins compatible for Editor in 0.20 ms, found 0 plugins.
Preloading 0 native plugins for Editor in 0.00 ms.
Unloading 1120 Unused Serialized files (Serialized files now loaded: 0)
System memory in use before: 61.0 MB.
System memory in use after: 61.0 MB.

Unloading 5 unused Assets to reduce memory usage. Loaded Objects now: 1635.
Total: 1.922600 ms (FindLiveObjects: 0.126100 ms CreateObjectMapping: 0.031500 ms MarkObjects: 1.712900 ms  DeleteObjects: 0.051200 ms)

========================================================================
Received Import Request.
  Time since last request: 91.637148 seconds.
  path: Assets/Prefab/Player.prefab
  artifactKey: Guid(237727979370ce247af7cf9b89ebc80a) Importer(815301076,1909f56bfc062723c751e8b465ee728b)
Start importing Assets/Prefab/Player.prefab using Guid(237727979370ce247af7cf9b89ebc80a) Importer(815301076,1909f56bfc062723c751e8b465ee728b)  -> (artifact id: '4610ea9bd94c5dc8f0558901cefbd7e8') in 0.088660 seconds
  Import took 0.091340 seconds .

========================================================================
Received Import Request.
  Time since last request: 25.726228 seconds.
  path: Assets/Scenes/Menu.unity
  artifactKey: Guid(48dc5125bb86f6a44b05de147f416d51) Importer(815301076,1909f56bfc062723c751e8b465ee728b)
Start importing Assets/Scenes/Menu.unity using Guid(48dc5125bb86f6a44b05de147f416d51) Importer(815301076,1909f56bfc062723c751e8b465ee728b)  -> (artifact id: 'b11b0dfdc129b9ac5388c3962825f6a3') in 0.014962 seconds
  Import took 0.036170 seconds .

========================================================================
Received Prepare
Registering precompiled user dll's ...
Registered in 0.000723 seconds.
Begin MonoManager ReloadAssembly
Native extension for WindowsStandalone target not found
Refreshing native plugins compatible for Editor in 0.20 ms, found 0 plugins.
Preloading 0 native plugins for Editor in 0.00 ms.
Invoked RoslynAnalysisRunner static constructor.
RoslynAnalysisRunner will not be running.
RoslynAnalysisRunner has terminated.
Mono: successfully reloaded assembly
- Completed reload, in  0.774 seconds
Platform modules already initialized, skipping
Refreshing native plugins compatible for Editor in 0.24 ms, found 0 plugins.
Preloading 0 native plugins for Editor in 0.00 ms.
Unloading 1120 Unused Serialized files (Serialized files now loaded: 0)
System memory in use before: 61.0 MB.
System memory in use after: 61.1 MB.

Unloading 5 unused Assets to reduce memory usage. Loaded Objects now: 1639.
Total: 1.942300 ms (FindLiveObjects: 0.146500 ms CreateObjectMapping: 0.033400 ms MarkObjects: 1.711300 ms  DeleteObjects: 0.050000 ms)

========================================================================
Received Import Request.
  Time since last request: 46.222103 seconds.
  path: Assets/Scenes/Level02.unity
  artifactKey: Guid(ae1895316382abe419f4869e784f0dc6) Importer(815301076,1909f56bfc062723c751e8b465ee728b)
Start importing Assets/Scenes/Level02.unity using Guid(ae1895316382abe419f4869e784f0dc6) Importer(815301076,1909f56bfc062723c751e8b465ee728b)  -> (artifact id: 'b64e843becd3ddc684ad79c8999b94cf') in 0.014398 seconds
  Import took 0.016708 seconds .

========================================================================
Received Import Request.
  Time since last request: 26.969877 seconds.
  path: Assets/Scenes/Level02.unity
  artifactKey: Guid(ae1895316382abe419f4869e784f0dc6) Importer(815301076,1909f56bfc062723c751e8b465ee728b)
Start importing Assets/Scenes/Level02.unity using Guid(ae1895316382abe419f4869e784f0dc6) Importer(815301076,1909f56bfc062723c751e8b465ee728b)  -> (artifact id: '1aee96f08ec703ba635a226c297779be') in 0.010488 seconds
  Import took 0.035972 seconds .

========================================================================
Received Import Request.
  Time since last request: 14.791868 seconds.
  path: Assets/Scenes/Level03.unity
  artifactKey: Guid(2dee7c375d424634f990518a6a5d576a) Importer(815301076,1909f56bfc062723c751e8b465ee728b)
Start importing Assets/Scenes/Level03.unity using Guid(2dee7c375d424634f990518a6a5d576a) Importer(815301076,1909f56bfc062723c751e8b465ee728b)  -> (artifact id: 'adc82c06ebcd0706adb1bb57daf92925') in 0.009040 seconds
  Import took 0.011235 seconds .

========================================================================
Received Import Request.
  Time since last request: 7.901424 seconds.
  path: Assets/Scenes/Level03.unity
  artifactKey: Guid(2dee7c375d424634f990518a6a5d576a) Importer(815301076,1909f56bfc062723c751e8b465ee728b)
Start importing Assets/Scenes/Level03.unity using Guid(2dee7c375d424634f990518a6a5d576a) Importer(815301076,1909f56bfc062723c751e8b465ee728b)  -> (artifact id: '849f638d6f86b46631ef976d590b5de7') in 0.010375 seconds
  Import took 0.022284 seconds .

========================================================================
Received Import Request.
  Time since last request: 5.395024 seconds.
  path: Assets/Scenes/Level04.unity
  artifactKey: Guid(fd2edd9559bad01478bf95d183d106d6) Importer(815301076,1909f56bfc062723c751e8b465ee728b)
Start importing Assets/Scenes/Level04.unity using Guid(fd2edd9559bad01478bf95d183d106d6) Importer(815301076,1909f56bfc062723c751e8b465ee728b)  -> (artifact id: 'ded85ce999c6d016dd88c5f5b4c7e4fa') in 0.010184 seconds
  Import took 0.012281 seconds .

========================================================================
Received Import Request.
  Time since last request: 5.606633 seconds.
  path: Assets/Scenes/Level05.unity
  artifactKey: Guid(416a39ed431aca441a2965fd7a5b20f3) Importer(815301076,1909f56bfc062723c751e8b465ee728b)
Start importing Assets/Scenes/Level05.unity using Guid(416a39ed431aca441a2965fd7a5b20f3) Importer(815301076,1909f56bfc062723c751e8b465ee728b)  -> (artifact id: '41e5227da5f2e86aea0da44ba71e9afc') in 0.015653 seconds
  Import took 0.039843 seconds .

========================================================================
Received Import Request.
  Time since last request: 13.157750 seconds.
  path: Assets/Scenes/Menu.unity
  artifactKey: Guid(48dc5125bb86f6a44b05de147f416d51) Importer(815301076,1909f56bfc062723c751e8b465ee728b)
Start importing Assets/Scenes/Menu.unity using Guid(48dc5125bb86f6a44b05de147f416d51) Importer(815301076,1909f56bfc062723c751e8b465ee728b)  -> (artifact id: 'f695fe68aba5c804d3cdb3f8e13164ed') in 0.010100 seconds
  Import took 0.012601 seconds .

========================================================================
Received Prepare
Registering precompiled user dll's ...
Registered in 0.000656 seconds.
Begin MonoManager ReloadAssembly
Native extension for WindowsStandalone target not found
Refreshing native plugins compatible for Editor in 0.21 ms, found 0 plugins.
Preloading 0 native plugins for Editor in 0.00 ms.
Invoked RoslynAnalysisRunner static constructor.
RoslynAnalysisRunner will not be running.
RoslynAnalysisRunner has terminated.
Mono: successfully reloaded assembly
- Completed reload, in  0.819 seconds
Platform modules already initialized, skipping
Refreshing native plugins compatible for Editor in 0.19 ms, found 0 plugins.
Preloading 0 native plugins for Editor in 0.00 ms.
Unloading 1120 Unused Serialized files (Serialized files now loaded: 0)
System memory in use before: 61.0 MB.
System memory in use after: 61.1 MB.

Unloading 5 unused Assets to reduce memory usage. Loaded Objects now: 1642.
Total: 2.126500 ms (FindLiveObjects: 0.231400 ms CreateObjectMapping: 0.063900 ms MarkObjects: 1.772800 ms  DeleteObjects: 0.057300 ms)

========================================================================
Received Prepare
Registering precompiled user dll's ...
Registered in 0.000726 seconds.
Begin MonoManager ReloadAssembly
Native extension for WindowsStandalone target not found
Refreshing native plugins compatible for Editor in 0.21 ms, found 0 plugins.
Preloading 0 native plugins for Editor in 0.00 ms.
Invoked RoslynAnalysisRunner static constructor.
RoslynAnalysisRunner will not be running.
RoslynAnalysisRunner has terminated.
Mono: successfully reloaded assembly
- Completed reload, in  0.775 seconds
Platform modules already initialized, skipping
Refreshing native plugins compatible for Editor in 0.20 ms, found 0 plugins.
Preloading 0 native plugins for Editor in 0.00 ms.
Unloading 1120 Unused Serialized files (Serialized files now loaded: 0)
System memory in use before: 61.0 MB.
System memory in use after: 61.1 MB.

Unloading 5 unused Assets to reduce memory usage. Loaded Objects now: 1645.
Total: 1.914500 ms (FindLiveObjects: 0.138600 ms CreateObjectMapping: 0.087500 ms MarkObjects: 1.639500 ms  DeleteObjects: 0.047400 ms)

========================================================================
Received Prepare
Registering precompiled user dll's ...
Registered in 0.000815 seconds.
Begin MonoManager ReloadAssembly
Native extension for WindowsStandalone target not found
Refreshing native plugins compatible for Editor in 0.21 ms, found 0 plugins.
Preloading 0 native plugins for Editor in 0.00 ms.
Invoked RoslynAnalysisRunner static constructor.
RoslynAnalysisRunner will not be running.
RoslynAnalysisRunner has terminated.
Mono: successfully reloaded assembly
- Completed reload, in  0.837 seconds
Platform modules already initialized, skipping
Refreshing native plugins compatible for Editor in 0.20 ms, found 0 plugins.
Preloading 0 native plugins for Editor in 0.00 ms.
Unloading 1120 Unused Serialized files (Serialized files now loaded: 0)
System memory in use before: 61.0 MB.
System memory in use after: 61.1 MB.

Unloading 5 unused Assets to reduce memory usage. Loaded Objects now: 1648.
Total: 2.170500 ms (FindLiveObjects: 0.161200 ms CreateObjectMapping: 0.051800 ms MarkObjects: 1.903400 ms  DeleteObjects: 0.052900 ms)

========================================================================
Received Import Request.
  Time since last request: 1569.463918 seconds.
  path: Assets/Prefab/Canvas.prefab
  artifactKey: Guid(3169c3ff7755b7744b296184fe989810) Importer(815301076,1909f56bfc062723c751e8b465ee728b)
Start importing Assets/Prefab/Canvas.prefab using Guid(3169c3ff7755b7744b296184fe989810) Importer(815301076,1909f56bfc062723c751e8b465ee728b)  -> (artifact id: '2e9b979e60e646bd2389ac9553012b21') in 0.070469 seconds
  Import took 0.086143 seconds .

========================================================================
Received Import Request.
  Time since last request: 6.208939 seconds.
  path: Assets/Prefab/Canvas.prefab
  artifactKey: Guid(3169c3ff7755b7744b296184fe989810) Importer(815301076,1909f56bfc062723c751e8b465ee728b)
Start importing Assets/Prefab/Canvas.prefab using Guid(3169c3ff7755b7744b296184fe989810) Importer(815301076,1909f56bfc062723c751e8b465ee728b)  -> (artifact id: '4018db61f5ac752b989c278476746523') in 0.016321 seconds
  Import took 0.035052 seconds .

========================================================================
Received Import Request.
  Time since last request: 3.633771 seconds.
  path: Assets/Prefab/Canvas.prefab
  artifactKey: Guid(3169c3ff7755b7744b296184fe989810) Importer(815301076,1909f56bfc062723c751e8b465ee728b)
Start importing Assets/Prefab/Canvas.prefab using Guid(3169c3ff7755b7744b296184fe989810) Importer(815301076,1909f56bfc062723c751e8b465ee728b)  -> (artifact id: '400ef8b79157c030b0abc56ffbb55745') in 0.012738 seconds
  Import took 0.016191 seconds .

========================================================================
Received Import Request.
  Time since last request: 4.630020 seconds.
  path: Assets/Prefab/Canvas.prefab
  artifactKey: Guid(3169c3ff7755b7744b296184fe989810) Importer(815301076,1909f56bfc062723c751e8b465ee728b)
Start importing Assets/Prefab/Canvas.prefab using Guid(3169c3ff7755b7744b296184fe989810) Importer(815301076,1909f56bfc062723c751e8b465ee728b)  -> (artifact id: '38f73d8b12f341ad7bd854c64837f23d') in 0.016649 seconds
  Import took 0.020304 seconds .

========================================================================
Received Import Request.
  Time since last request: 1.999837 seconds.
  path: Assets/Prefab/Canvas.prefab
  artifactKey: Guid(3169c3ff7755b7744b296184fe989810) Importer(815301076,1909f56bfc062723c751e8b465ee728b)
Start importing Assets/Prefab/Canvas.prefab using Guid(3169c3ff7755b7744b296184fe989810) Importer(815301076,1909f56bfc062723c751e8b465ee728b)  -> (artifact id: 'fdfb632b4b77c1c241064944a05df911') in 0.027883 seconds
  Import took 0.039806 seconds .

========================================================================
Received Import Request.
  Time since last request: 2.980219 seconds.
  path: Assets/Prefab/Canvas.prefab
  artifactKey: Guid(3169c3ff7755b7744b296184fe989810) Importer(815301076,1909f56bfc062723c751e8b465ee728b)
Start importing Assets/Prefab/Canvas.prefab using Guid(3169c3ff7755b7744b296184fe989810) Importer(815301076,1909f56bfc062723c751e8b465ee728b)  -> (artifact id: '74bf8d7c8825416aad01ee01624120d7') in 0.012014 seconds
  Import took 0.030851 seconds .

========================================================================
Received Import Request.
  Time since last request: 6.259097 seconds.
  path: Assets/Prefab/Canvas.prefab
  artifactKey: Guid(3169c3ff7755b7744b296184fe989810) Importer(815301076,1909f56bfc062723c751e8b465ee728b)
Start importing Assets/Prefab/Canvas.prefab using Guid(3169c3ff7755b7744b296184fe989810) Importer(815301076,1909f56bfc062723c751e8b465ee728b)  -> (artifact id: '566e1543aaed9b94c6200e2fb321b12b') in 0.013135 seconds
  Import took 0.015985 seconds .

========================================================================
Received Import Request.
  Time since last request: 5.097304 seconds.
  path: Assets/Prefab/Canvas.prefab
  artifactKey: Guid(3169c3ff7755b7744b296184fe989810) Importer(815301076,1909f56bfc062723c751e8b465ee728b)
Start importing Assets/Prefab/Canvas.prefab using Guid(3169c3ff7755b7744b296184fe989810) Importer(815301076,1909f56bfc062723c751e8b465ee728b)  -> (artifact id: '24ab1d37ba79111f64ea01f0f4c4f477') in 0.010698 seconds
  Import took 0.034312 seconds .

========================================================================
Received Import Request.
  Time since last request: 10.495151 seconds.
  path: Assets/Prefab/Canvas.prefab
  artifactKey: Guid(3169c3ff7755b7744b296184fe989810) Importer(815301076,1909f56bfc062723c751e8b465ee728b)
Start importing Assets/Prefab/Canvas.prefab using Guid(3169c3ff7755b7744b296184fe989810) Importer(815301076,1909f56bfc062723c751e8b465ee728b)  -> (artifact id: 'fc593396c484959f61a8392b12066d2c') in 0.014208 seconds
  Import took 0.017612 seconds .

========================================================================
Received Import Request.
  Time since last request: 4.034969 seconds.
  path: Assets/Prefab/Canvas.prefab
  artifactKey: Guid(3169c3ff7755b7744b296184fe989810) Importer(815301076,1909f56bfc062723c751e8b465ee728b)
Start importing Assets/Prefab/Canvas.prefab using Guid(3169c3ff7755b7744b296184fe989810) Importer(815301076,1909f56bfc062723c751e8b465ee728b)  -> (artifact id: '155f81a1e45665ac9f95a01815e52ecd') in 0.009893 seconds
  Import took 0.030372 seconds .

========================================================================
Received Import Request.
  Time since last request: 1.575859 seconds.
  path: Assets/Prefab/Canvas.prefab
  artifactKey: Guid(3169c3ff7755b7744b296184fe989810) Importer(815301076,1909f56bfc062723c751e8b465ee728b)
Start importing Assets/Prefab/Canvas.prefab using Guid(3169c3ff7755b7744b296184fe989810) Importer(815301076,1909f56bfc062723c751e8b465ee728b)  -> (artifact id: 'a363ce363a8a5ecac3885b7cf052520c') in 0.012454 seconds
  Import took 0.014822 seconds .

========================================================================
Received Import Request.
  Time since last request: 8.309713 seconds.
  path: Assets/Prefab/Canvas.prefab
  artifactKey: Guid(3169c3ff7755b7744b296184fe989810) Importer(815301076,1909f56bfc062723c751e8b465ee728b)
Start importing Assets/Prefab/Canvas.prefab using Guid(3169c3ff7755b7744b296184fe989810) Importer(815301076,1909f56bfc062723c751e8b465ee728b)  -> (artifact id: 'c4cffc599557996edce77d551e9ef7a9') in 0.007705 seconds
  Import took 0.010229 seconds .

========================================================================
Received Import Request.
  Time since last request: 7.482264 seconds.
  path: Assets/Prefab/Canvas.prefab
  artifactKey: Guid(3169c3ff7755b7744b296184fe989810) Importer(815301076,1909f56bfc062723c751e8b465ee728b)
Start importing Assets/Prefab/Canvas.prefab using Guid(3169c3ff7755b7744b296184fe989810) Importer(815301076,1909f56bfc062723c751e8b465ee728b)  -> (artifact id: 'bd36e8a3e66b126e82bfc95bb9a54fc4') in 0.017087 seconds
  Import took 0.036916 seconds .

========================================================================
Received Import Request.
  Time since last request: 1.989097 seconds.
  path: Assets/Prefab/Canvas.prefab
  artifactKey: Guid(3169c3ff7755b7744b296184fe989810) Importer(815301076,1909f56bfc062723c751e8b465ee728b)
Start importing Assets/Prefab/Canvas.prefab using Guid(3169c3ff7755b7744b296184fe989810) Importer(815301076,1909f56bfc062723c751e8b465ee728b)  -> (artifact id: 'ebf3322a81e1a11ee57d4e5a7c7642c9') in 0.018990 seconds
  Import took 0.021972 seconds .

========================================================================
Received Import Request.
  Time since last request: 127.111659 seconds.
  path: Assets/Prefab/Canvas.prefab
  artifactKey: Guid(3169c3ff7755b7744b296184fe989810) Importer(815301076,1909f56bfc062723c751e8b465ee728b)
Start importing Assets/Prefab/Canvas.prefab using Guid(3169c3ff7755b7744b296184fe989810) Importer(815301076,1909f56bfc062723c751e8b465ee728b)  -> (artifact id: '5593025246c185efbab5b88e288f91d7') in 0.006780 seconds
  Import took 0.009976 seconds .

========================================================================
Received Prepare
Registering precompiled user dll's ...
Registered in 0.000635 seconds.
Begin MonoManager ReloadAssembly
Native extension for WindowsStandalone target not found
Refreshing native plugins compatible for Editor in 0.19 ms, found 0 plugins.
Preloading 0 native plugins for Editor in 0.00 ms.
Invoked RoslynAnalysisRunner static constructor.
RoslynAnalysisRunner will not be running.
RoslynAnalysisRunner has terminated.
Mono: successfully reloaded assembly
- Completed reload, in  0.966 seconds
Platform modules already initialized, skipping
Refreshing native plugins compatible for Editor in 0.22 ms, found 0 plugins.
Preloading 0 native plugins for Editor in 0.00 ms.
Unloading 1120 Unused Serialized files (Serialized files now loaded: 0)
System memory in use before: 61.1 MB.
System memory in use after: 61.2 MB.

Unloading 5 unused Assets to reduce memory usage. Loaded Objects now: 1653.
Total: 1.791700 ms (FindLiveObjects: 0.148400 ms CreateObjectMapping: 0.037400 ms MarkObjects: 1.543900 ms  DeleteObjects: 0.060400 ms)

========================================================================
Received Prepare
Registering precompiled user dll's ...
Registered in 0.000648 seconds.
Begin MonoManager ReloadAssembly
Native extension for WindowsStandalone target not found
Refreshing native plugins compatible for Editor in 0.20 ms, found 0 plugins.
Preloading 0 native plugins for Editor in 0.00 ms.
Invoked RoslynAnalysisRunner static constructor.
RoslynAnalysisRunner will not be running.
RoslynAnalysisRunner has terminated.
Mono: successfully reloaded assembly
- Completed reload, in  0.758 seconds
Platform modules already initialized, skipping
Refreshing native plugins compatible for Editor in 0.19 ms, found 0 plugins.
Preloading 0 native plugins for Editor in 0.00 ms.
Unloading 1120 Unused Serialized files (Serialized files now loaded: 0)
System memory in use before: 61.1 MB.
System memory in use after: 61.2 MB.

Unloading 5 unused Assets to reduce memory usage. Loaded Objects now: 1656.
Total: 1.754000 ms (FindLiveObjects: 0.143600 ms CreateObjectMapping: 0.031700 ms MarkObjects: 1.501900 ms  DeleteObjects: 0.075800 ms)

========================================================================
Received Import Request.
  Time since last request: 101.751481 seconds.
  path: Assets/Prefab/GameManager.prefab
  artifactKey: Guid(74a05defdb12d6846af0202ba5e7362e) Importer(815301076,1909f56bfc062723c751e8b465ee728b)
Start importing Assets/Prefab/GameManager.prefab using Guid(74a05defdb12d6846af0202ba5e7362e) Importer(815301076,1909f56bfc062723c751e8b465ee728b)  -> (artifact id: 'be443438b1b008bd81592002e474d945') in 0.025635 seconds
  Import took 0.043484 seconds .

========================================================================
Received Prepare
Registering precompiled user dll's ...
Registered in 0.001797 seconds.
Begin MonoManager ReloadAssembly
Native extension for WindowsStandalone target not found
Refreshing native plugins compatible for Editor in 0.20 ms, found 0 plugins.
Preloading 0 native plugins for Editor in 0.00 ms.
Invoked RoslynAnalysisRunner static constructor.
RoslynAnalysisRunner will not be running.
RoslynAnalysisRunner has terminated.
Mono: successfully reloaded assembly
- Completed reload, in  0.908 seconds
Platform modules already initialized, skipping
Refreshing native plugins compatible for Editor in 0.19 ms, found 0 plugins.
Preloading 0 native plugins for Editor in 0.00 ms.
Unloading 1120 Unused Serialized files (Serialized files now loaded: 0)
System memory in use before: 61.1 MB.
System memory in use after: 61.2 MB.

Unloading 5 unused Assets to reduce memory usage. Loaded Objects now: 1659.
Total: 1.544200 ms (FindLiveObjects: 0.122100 ms CreateObjectMapping: 0.030300 ms MarkObjects: 1.307300 ms  DeleteObjects: 0.083800 ms)

========================================================================
Received Import Request.
  Time since last request: 72.400268 seconds.
  path: Assets/Scenes/Level02.unity
  artifactKey: Guid(ae1895316382abe419f4869e784f0dc6) Importer(815301076,1909f56bfc062723c751e8b465ee728b)
Start importing Assets/Scenes/Level02.unity using Guid(ae1895316382abe419f4869e784f0dc6) Importer(815301076,1909f56bfc062723c751e8b465ee728b)  -> (artifact id: '562f129b0a4c1e9c9d2d506c9e921b0b') in 0.013258 seconds
  Import took 0.015628 seconds .

========================================================================
Received Import Request.
  Time since last request: 3.118492 seconds.
  path: Assets/Scenes/Level03.unity
  artifactKey: Guid(2dee7c375d424634f990518a6a5d576a) Importer(815301076,1909f56bfc062723c751e8b465ee728b)
Start importing Assets/Scenes/Level03.unity using Guid(2dee7c375d424634f990518a6a5d576a) Importer(815301076,1909f56bfc062723c751e8b465ee728b)  -> (artifact id: 'bda2c270439b30bd73b356600c943b5a') in 0.010381 seconds
  Import took 0.013865 seconds .

========================================================================
Received Import Request.
  Time since last request: 15.008942 seconds.
  path: Assets/Scenes/Level04.unity
  artifactKey: Guid(fd2edd9559bad01478bf95d183d106d6) Importer(815301076,1909f56bfc062723c751e8b465ee728b)
Start importing Assets/Scenes/Level04.unity using Guid(fd2edd9559bad01478bf95d183d106d6) Importer(815301076,1909f56bfc062723c751e8b465ee728b)  -> (artifact id: '91f297a0ac990e373999499c3b502329') in 0.007631 seconds
  Import took 0.010214 seconds .

========================================================================
Received Import Request.
  Time since last request: 12.069352 seconds.
  path: Assets/Scenes/Level05.unity
  artifactKey: Guid(416a39ed431aca441a2965fd7a5b20f3) Importer(815301076,1909f56bfc062723c751e8b465ee728b)
Start importing Assets/Scenes/Level05.unity using Guid(416a39ed431aca441a2965fd7a5b20f3) Importer(815301076,1909f56bfc062723c751e8b465ee728b)  -> (artifact id: 'b613999bb7dcb887e4d381445745c3c1') in 0.016506 seconds
  Import took 0.018937 seconds .

========================================================================
Received Import Request.
  Time since last request: 8.965948 seconds.
  path: Assets/Scenes/Level03.unity
  artifactKey: Guid(2dee7c375d424634f990518a6a5d576a) Importer(815301076,1909f56bfc062723c751e8b465ee728b)
Start importing Assets/Scenes/Level03.unity using Guid(2dee7c375d424634f990518a6a5d576a) Importer(815301076,1909f56bfc062723c751e8b465ee728b)  -> (artifact id: '425743c13e28c18d1d0c1aae621bfe93') in 0.010842 seconds
  Import took 0.012692 seconds .

========================================================================
Received Import Request.
  Time since last request: 30.893738 seconds.
  path: Assets/Scenes/Level04.unity
  artifactKey: Guid(fd2edd9559bad01478bf95d183d106d6) Importer(815301076,1909f56bfc062723c751e8b465ee728b)
Start importing Assets/Scenes/Level04.unity using Guid(fd2edd9559bad01478bf95d183d106d6) Importer(815301076,1909f56bfc062723c751e8b465ee728b)  -> (artifact id: 'f8aeb620a9c5fa76229c375025e54d0d') in 0.010375 seconds
  Import took 0.012457 seconds .

========================================================================
Received Import Request.
  Time since last request: 35.649753 seconds.
  path: Assets/Scenes/Level05.unity
  artifactKey: Guid(416a39ed431aca441a2965fd7a5b20f3) Importer(815301076,1909f56bfc062723c751e8b465ee728b)
Start importing Assets/Scenes/Level05.unity using Guid(416a39ed431aca441a2965fd7a5b20f3) Importer(815301076,1909f56bfc062723c751e8b465ee728b)  -> (artifact id: '7c56d264c8f2ad4d90d62d9f29897da4') in 0.010355 seconds
  Import took 0.012563 seconds .

========================================================================
Received Import Request.
  Time since last request: 61.205572 seconds.
  path: Assets/Scenes/Level01.unity
  artifactKey: Guid(9fc0d4010bbf28b4594072e72b8655ab) Importer(815301076,1909f56bfc062723c751e8b465ee728b)
Start importing Assets/Scenes/Level01.unity using Guid(9fc0d4010bbf28b4594072e72b8655ab) Importer(815301076,1909f56bfc062723c751e8b465ee728b)  -> (artifact id: '3c6b6ebbbaaca020d278306e916a4ddf') in 0.011262 seconds
  Import took 0.013478 seconds .

========================================================================
Received Prepare
Registering precompiled user dll's ...
Registered in 0.001009 seconds.
Begin MonoManager ReloadAssembly
Native extension for WindowsStandalone target not found
Refreshing native plugins compatible for Editor in 0.21 ms, found 0 plugins.
Preloading 0 native plugins for Editor in 0.00 ms.
Invoked RoslynAnalysisRunner static constructor.
RoslynAnalysisRunner will not be running.
RoslynAnalysisRunner has terminated.
Mono: successfully reloaded assembly
- Completed reload, in  0.849 seconds
Platform modules already initialized, skipping
Refreshing native plugins compatible for Editor in 0.19 ms, found 0 plugins.
Preloading 0 native plugins for Editor in 0.00 ms.
Unloading 1120 Unused Serialized files (Serialized files now loaded: 0)
System memory in use before: 61.2 MB.
System memory in use after: 61.2 MB.

Unloading 5 unused Assets to reduce memory usage. Loaded Objects now: 1662.
Total: 1.664600 ms (FindLiveObjects: 0.144000 ms CreateObjectMapping: 0.034900 ms MarkObjects: 1.433200 ms  DeleteObjects: 0.051400 ms)

========================================================================
Received Prepare
Registering precompiled user dll's ...
Registered in 0.000726 seconds.
Begin MonoManager ReloadAssembly
Native extension for WindowsStandalone target not found
Refreshing native plugins compatible for Editor in 0.21 ms, found 0 plugins.
Preloading 0 native plugins for Editor in 0.00 ms.
Invoked RoslynAnalysisRunner static constructor.
RoslynAnalysisRunner will not be running.
RoslynAnalysisRunner has terminated.
Mono: successfully reloaded assembly
- Completed reload, in  0.802 seconds
Platform modules already initialized, skipping
Refreshing native plugins compatible for Editor in 0.19 ms, found 0 plugins.
Preloading 0 native plugins for Editor in 0.00 ms.
Unloading 1120 Unused Serialized files (Serialized files now loaded: 0)
System memory in use before: 61.2 MB.
System memory in use after: 61.3 MB.

Unloading 5 unused Assets to reduce memory usage. Loaded Objects now: 1665.
Total: 2.579200 ms (FindLiveObjects: 0.374200 ms CreateObjectMapping: 0.049600 ms MarkObjects: 2.101800 ms  DeleteObjects: 0.052400 ms)

========================================================================
Received Import Request.
  Time since last request: 93.632672 seconds.
  path: Assets/Scenes/Level03.unity
  artifactKey: Guid(2dee7c375d424634f990518a6a5d576a) Importer(815301076,1909f56bfc062723c751e8b465ee728b)
Start importing Assets/Scenes/Level03.unity using Guid(2dee7c375d424634f990518a6a5d576a) Importer(815301076,1909f56bfc062723c751e8b465ee728b)  -> (artifact id: 'c2d977d028a34463c8290d6c8eaa934b') in 0.029385 seconds
  Import took 0.042871 seconds .

========================================================================
Received Import Request.
  Time since last request: 8.177815 seconds.
  path: Assets/Scenes/Level04.unity
  artifactKey: Guid(fd2edd9559bad01478bf95d183d106d6) Importer(815301076,1909f56bfc062723c751e8b465ee728b)
Start importing Assets/Scenes/Level04.unity using Guid(fd2edd9559bad01478bf95d183d106d6) Importer(815301076,1909f56bfc062723c751e8b465ee728b)  -> (artifact id: 'd4babcf10b892a1e183cd335ba12ba0b') in 0.006152 seconds
  Import took 0.008000 seconds .

========================================================================
Received Import Request.
  Time since last request: 7.132931 seconds.
  path: Assets/Scenes/Level05.unity
  artifactKey: Guid(416a39ed431aca441a2965fd7a5b20f3) Importer(815301076,1909f56bfc062723c751e8b465ee728b)
Start importing Assets/Scenes/Level05.unity using Guid(416a39ed431aca441a2965fd7a5b20f3) Importer(815301076,1909f56bfc062723c751e8b465ee728b)  -> (artifact id: '15dbf53ecc19e8c13e569db98cf77a74') in 0.007520 seconds
  Import took 0.009874 seconds .

========================================================================
Received Import Request.
  Time since last request: 14.052565 seconds.
  path: Assets/Prefab/Canvas.prefab
  artifactKey: Guid(3169c3ff7755b7744b296184fe989810) Importer(815301076,1909f56bfc062723c751e8b465ee728b)
Start importing Assets/Prefab/Canvas.prefab using Guid(3169c3ff7755b7744b296184fe989810) Importer(815301076,1909f56bfc062723c751e8b465ee728b)  -> (artifact id: '226e3fe7593c2ebff7ec605d47b0c725') in 0.044121 seconds
  Import took 0.067239 seconds .

========================================================================
Received Import Request.
  Time since last request: 35.340259 seconds.
  path: Assets/Prefab/Canvas.prefab
  artifactKey: Guid(3169c3ff7755b7744b296184fe989810) Importer(815301076,1909f56bfc062723c751e8b465ee728b)
Start importing Assets/Prefab/Canvas.prefab using Guid(3169c3ff7755b7744b296184fe989810) Importer(815301076,1909f56bfc062723c751e8b465ee728b)  -> (artifact id: '8991fa4a55b568a30efd7e0c42e2e09b') in 0.016476 seconds
  Import took 0.035877 seconds .

========================================================================
Received Import Request.
  Time since last request: 4.985382 seconds.
  path: Assets/Prefab/Canvas.prefab
  artifactKey: Guid(3169c3ff7755b7744b296184fe989810) Importer(815301076,1909f56bfc062723c751e8b465ee728b)
Start importing Assets/Prefab/Canvas.prefab using Guid(3169c3ff7755b7744b296184fe989810) Importer(815301076,1909f56bfc062723c751e8b465ee728b)  -> (artifact id: '9721153d291673ae3d664ae2620110d9') in 0.014653 seconds
  Import took 0.017552 seconds .

========================================================================
Received Import Request.
  Time since last request: 5.862026 seconds.
  path: Assets/Prefab/Canvas.prefab
  artifactKey: Guid(3169c3ff7755b7744b296184fe989810) Importer(815301076,1909f56bfc062723c751e8b465ee728b)
Start importing Assets/Prefab/Canvas.prefab using Guid(3169c3ff7755b7744b296184fe989810) Importer(815301076,1909f56bfc062723c751e8b465ee728b)  -> (artifact id: '3d6a00cb10b0ce769ed247939d1141ae') in 0.020646 seconds
  Import took 0.023677 seconds .

========================================================================
Received Import Request.
  Time since last request: 2.587929 seconds.
  path: Assets/Prefab/Canvas.prefab
  artifactKey: Guid(3169c3ff7755b7744b296184fe989810) Importer(815301076,1909f56bfc062723c751e8b465ee728b)
Start importing Assets/Prefab/Canvas.prefab using Guid(3169c3ff7755b7744b296184fe989810) Importer(815301076,1909f56bfc062723c751e8b465ee728b)  -> (artifact id: '9e6cbf4f8ffcb68dfb882b091b398218') in 0.025288 seconds
  Import took 0.028680 seconds .

========================================================================
Received Import Request.
  Time since last request: 0.977395 seconds.
  path: Assets/Prefab/Canvas.prefab
  artifactKey: Guid(3169c3ff7755b7744b296184fe989810) Importer(815301076,1909f56bfc062723c751e8b465ee728b)
Start importing Assets/Prefab/Canvas.prefab using Guid(3169c3ff7755b7744b296184fe989810) Importer(815301076,1909f56bfc062723c751e8b465ee728b)  -> (artifact id: 'f9b793594c89ed5950070fd1a98ce79b') in 0.010941 seconds
  Import took 0.013540 seconds .

========================================================================
Received Import Request.
  Time since last request: 0.406025 seconds.
  path: Assets/Prefab/Canvas.prefab
  artifactKey: Guid(3169c3ff7755b7744b296184fe989810) Importer(815301076,1909f56bfc062723c751e8b465ee728b)
Start importing Assets/Prefab/Canvas.prefab using Guid(3169c3ff7755b7744b296184fe989810) Importer(815301076,1909f56bfc062723c751e8b465ee728b)  -> (artifact id: '495e027fe966c503ad1945c58d72c8c4') in 0.014740 seconds
  Import took 0.018884 seconds .

========================================================================
Received Import Request.
  Time since last request: 4.052053 seconds.
  path: Assets/Prefab/Canvas.prefab
  artifactKey: Guid(3169c3ff7755b7744b296184fe989810) Importer(815301076,1909f56bfc062723c751e8b465ee728b)
Start importing Assets/Prefab/Canvas.prefab using Guid(3169c3ff7755b7744b296184fe989810) Importer(815301076,1909f56bfc062723c751e8b465ee728b)  -> (artifact id: '02e06fac0798ede7e797a55e4f74c0ee') in 0.014913 seconds
  Import took 0.021406 seconds .

========================================================================
Received Import Request.
  Time since last request: 3.021417 seconds.
  path: Assets/Prefab/Canvas.prefab
  artifactKey: Guid(3169c3ff7755b7744b296184fe989810) Importer(815301076,1909f56bfc062723c751e8b465ee728b)
Start importing Assets/Prefab/Canvas.prefab using Guid(3169c3ff7755b7744b296184fe989810) Importer(815301076,1909f56bfc062723c751e8b465ee728b)  -> (artifact id: '39a221cad6def4e652510e398091c693') in 0.022120 seconds
  Import took 0.025254 seconds .

========================================================================
Received Import Request.
  Time since last request: 2.422019 seconds.
  path: Assets/Prefab/Canvas.prefab
  artifactKey: Guid(3169c3ff7755b7744b296184fe989810) Importer(815301076,1909f56bfc062723c751e8b465ee728b)
Start importing Assets/Prefab/Canvas.prefab using Guid(3169c3ff7755b7744b296184fe989810) Importer(815301076,1909f56bfc062723c751e8b465ee728b)  -> (artifact id: '55aaa470f91b08efeb27b67f4f943e1e') in 0.016985 seconds
  Import took 0.021411 seconds .

========================================================================
Received Import Request.
  Time since last request: 1.807171 seconds.
  path: Assets/Prefab/Canvas.prefab
  artifactKey: Guid(3169c3ff7755b7744b296184fe989810) Importer(815301076,1909f56bfc062723c751e8b465ee728b)
Start importing Assets/Prefab/Canvas.prefab using Guid(3169c3ff7755b7744b296184fe989810) Importer(815301076,1909f56bfc062723c751e8b465ee728b)  -> (artifact id: 'b9b3e35cf3ea27dfa467b92f94896d81') in 0.010629 seconds
  Import took 0.014175 seconds .

========================================================================
Received Import Request.
  Time since last request: 6.031225 seconds.
  path: Assets/Prefab/Canvas.prefab
  artifactKey: Guid(3169c3ff7755b7744b296184fe989810) Importer(815301076,1909f56bfc062723c751e8b465ee728b)
Start importing Assets/Prefab/Canvas.prefab using Guid(3169c3ff7755b7744b296184fe989810) Importer(815301076,1909f56bfc062723c751e8b465ee728b)  -> (artifact id: '5deb1889d17566d663abe824f7ed1632') in 0.028028 seconds
  Import took 0.031083 seconds .

========================================================================
Received Import Request.
  Time since last request: 1.794593 seconds.
  path: Assets/Prefab/Canvas.prefab
  artifactKey: Guid(3169c3ff7755b7744b296184fe989810) Importer(815301076,1909f56bfc062723c751e8b465ee728b)
Start importing Assets/Prefab/Canvas.prefab using Guid(3169c3ff7755b7744b296184fe989810) Importer(815301076,1909f56bfc062723c751e8b465ee728b)  -> (artifact id: '6e6e092701742665103071037ce64a3f') in 0.010468 seconds
  Import took 0.014356 seconds .

========================================================================
Received Import Request.
  Time since last request: 3.444624 seconds.
  path: Assets/Prefab/Canvas.prefab
  artifactKey: Guid(3169c3ff7755b7744b296184fe989810) Importer(815301076,1909f56bfc062723c751e8b465ee728b)
Start importing Assets/Prefab/Canvas.prefab using Guid(3169c3ff7755b7744b296184fe989810) Importer(815301076,1909f56bfc062723c751e8b465ee728b)  -> (artifact id: '67fe7fee2ab19a0ae13714d8beecfb5e') in 0.016464 seconds
  Import took 0.018840 seconds .

========================================================================
Received Import Request.
  Time since last request: 1.000846 seconds.
  path: Assets/Prefab/Canvas.prefab
  artifactKey: Guid(3169c3ff7755b7744b296184fe989810) Importer(815301076,1909f56bfc062723c751e8b465ee728b)
Start importing Assets/Prefab/Canvas.prefab using Guid(3169c3ff7755b7744b296184fe989810) Importer(815301076,1909f56bfc062723c751e8b465ee728b)  -> (artifact id: '4fdbdb3b39b1bb8d426292b99722c75d') in 0.028597 seconds
  Import took 0.031994 seconds .

========================================================================
Received Import Request.
  Time since last request: 1.174241 seconds.
  path: Assets/Prefab/Canvas.prefab
  artifactKey: Guid(3169c3ff7755b7744b296184fe989810) Importer(815301076,1909f56bfc062723c751e8b465ee728b)
Start importing Assets/Prefab/Canvas.prefab using Guid(3169c3ff7755b7744b296184fe989810) Importer(815301076,1909f56bfc062723c751e8b465ee728b)  -> (artifact id: 'ec2a9cc639e062c66b05305cc627e614') in 0.016082 seconds
  Import took 0.019548 seconds .

========================================================================
Received Import Request.
  Time since last request: 3.010557 seconds.
  path: Assets/Prefab/Canvas.prefab
  artifactKey: Guid(3169c3ff7755b7744b296184fe989810) Importer(815301076,1909f56bfc062723c751e8b465ee728b)
Start importing Assets/Prefab/Canvas.prefab using Guid(3169c3ff7755b7744b296184fe989810) Importer(815301076,1909f56bfc062723c751e8b465ee728b)  -> (artifact id: 'fc27907a6f204ba7058369b29e982d8d') in 0.014249 seconds
  Import took 0.020252 seconds .

========================================================================
Received Import Request.
  Time since last request: 22.749819 seconds.
  path: Assets/Scenes/Level01.unity
  artifactKey: Guid(9fc0d4010bbf28b4594072e72b8655ab) Importer(815301076,1909f56bfc062723c751e8b465ee728b)
Start importing Assets/Scenes/Level01.unity using Guid(9fc0d4010bbf28b4594072e72b8655ab) Importer(815301076,1909f56bfc062723c751e8b465ee728b)  -> (artifact id: '9685fecacf2b2a71cdd4b742a9ccfb19') in 0.008232 seconds
  Import took 0.010178 seconds .

========================================================================
Received Import Request.
  Time since last request: 4.991415 seconds.
  path: Assets/Scenes/Level02.unity
  artifactKey: Guid(ae1895316382abe419f4869e784f0dc6) Importer(815301076,1909f56bfc062723c751e8b465ee728b)
Start importing Assets/Scenes/Level02.unity using Guid(ae1895316382abe419f4869e784f0dc6) Importer(815301076,1909f56bfc062723c751e8b465ee728b)  -> (artifact id: '07db3580203a58b7460d0f5a50c7e8bb') in 0.008225 seconds
  Import took 0.010273 seconds .

========================================================================
Received Import Request.
  Time since last request: 3.377843 seconds.
  path: Assets/Scenes/Level03.unity
  artifactKey: Guid(2dee7c375d424634f990518a6a5d576a) Importer(815301076,1909f56bfc062723c751e8b465ee728b)
Start importing Assets/Scenes/Level03.unity using Guid(2dee7c375d424634f990518a6a5d576a) Importer(815301076,1909f56bfc062723c751e8b465ee728b)  -> (artifact id: 'a8beee129d19d7158d825567fcb48c74') in 0.007561 seconds
  Import took 0.009627 seconds .

========================================================================
Received Import Request.
  Time since last request: 9.054787 seconds.
  path: Assets/Scenes/Level04.unity
  artifactKey: Guid(fd2edd9559bad01478bf95d183d106d6) Importer(815301076,1909f56bfc062723c751e8b465ee728b)
Start importing Assets/Scenes/Level04.unity using Guid(fd2edd9559bad01478bf95d183d106d6) Importer(815301076,1909f56bfc062723c751e8b465ee728b)  -> (artifact id: 'd902ad643c552b0787d7003c1b14ac2e') in 0.008450 seconds
  Import took 0.010679 seconds .

========================================================================
Received Import Request.
  Time since last request: 16.066893 seconds.
  path: Assets/Scenes/End.unity
  artifactKey: Guid(8275fbb915001324b96b7df3e7027ed9) Importer(815301076,1909f56bfc062723c751e8b465ee728b)
Start importing Assets/Scenes/End.unity using Guid(8275fbb915001324b96b7df3e7027ed9) Importer(815301076,1909f56bfc062723c751e8b465ee728b)  -> (artifact id: '0ad44e43a303c5b7492a5ed2a3d269b1') in 0.010708 seconds
  Import took 0.021298 seconds .

========================================================================
Received Import Request.
  Time since last request: 26.616976 seconds.
  path: Assets/Scenes/Menu.unity
  artifactKey: Guid(48dc5125bb86f6a44b05de147f416d51) Importer(815301076,1909f56bfc062723c751e8b465ee728b)
Start importing Assets/Scenes/Menu.unity using Guid(48dc5125bb86f6a44b05de147f416d51) Importer(815301076,1909f56bfc062723c751e8b465ee728b)  -> (artifact id: '78f2512b429a73d74e5a65e374ec6719') in 0.007874 seconds
  Import took 0.023580 seconds .

========================================================================
Received Import Request.
  Time since last request: 48.729965 seconds.
  path: Assets/Scenes/Level05.unity
  artifactKey: Guid(416a39ed431aca441a2965fd7a5b20f3) Importer(815301076,1909f56bfc062723c751e8b465ee728b)
Start importing Assets/Scenes/Level05.unity using Guid(416a39ed431aca441a2965fd7a5b20f3) Importer(815301076,1909f56bfc062723c751e8b465ee728b)  -> (artifact id: '3bdc186efe46cfd10d8a11c4a3288969') in 0.010157 seconds
  Import took 0.012162 seconds .

========================================================================
Received Import Request.
  Time since last request: 1221.537583 seconds.
  path: Assets/Scenes/Menu.unity
  artifactKey: Guid(48dc5125bb86f6a44b05de147f416d51) Importer(815301076,1909f56bfc062723c751e8b465ee728b)
Start importing Assets/Scenes/Menu.unity using Guid(48dc5125bb86f6a44b05de147f416d51) Importer(815301076,1909f56bfc062723c751e8b465ee728b)  -> (artifact id: 'ac1b643ce80711ccc409540b6e3aefcf') in 0.006470 seconds
  Import took 0.009579 seconds .

========================================================================
Received Prepare
Registering precompiled user dll's ...
Registered in 0.000686 seconds.
Begin MonoManager ReloadAssembly
Native extension for WindowsStandalone target not found
Refreshing native plugins compatible for Editor in 0.26 ms, found 0 plugins.
Preloading 0 native plugins for Editor in 0.00 ms.
Invoked RoslynAnalysisRunner static constructor.
RoslynAnalysisRunner will not be running.
RoslynAnalysisRunner has terminated.
Mono: successfully reloaded assembly
- Completed reload, in  0.754 seconds
Platform modules already initialized, skipping
Refreshing native plugins compatible for Editor in 0.36 ms, found 0 plugins.
Preloading 0 native plugins for Editor in 0.00 ms.
Unloading 1120 Unused Serialized files (Serialized files now loaded: 0)
System memory in use before: 61.3 MB.
System memory in use after: 61.3 MB.

Unloading 5 unused Assets to reduce memory usage. Loaded Objects now: 1668.
Total: 1.640100 ms (FindLiveObjects: 0.136000 ms CreateObjectMapping: 0.031700 ms MarkObjects: 1.409700 ms  DeleteObjects: 0.061400 ms)

========================================================================
Received Prepare
Refreshing native plugins compatible for Editor in 1.05 ms, found 0 plugins.
Preloading 0 native plugins for Editor in 0.00 ms.
Unloading 3 Unused Serialized files (Serialized files now loaded: 0)
System memory in use before: 39.1 MB.
System memory in use after: 39.2 MB.

Unloading 3 unused Assets to reduce memory usage. Loaded Objects now: 1668.
Total: 5.666300 ms (FindLiveObjects: 2.051000 ms CreateObjectMapping: 0.056900 ms MarkObjects: 3.495700 ms  DeleteObjects: 0.060900 ms)

AssetImportWorkerClient::OnTransportError - code=2 error=End of file
